C51 COMPILER V9.00   LAB4                                                                  01/10/2019 14:21:01 PAGE 1   


C51 COMPILER V9.00, COMPILATION OF MODULE LAB4
OBJECT MODULE PLACED IN lab4.OBJ
COMPILER INVOKED BY: C:\Keil\C51\BIN\C51.EXE lab4.c BROWSE DEBUG OBJECTEXTEND

line level    source

   1          #include<REGX51.H>
   2          
   3          void Fn_Delay(unsigned int _vrui_Time)
   4          {
   5   1              while(_vrui_Time--);
   6   1      }
   7          
   8          void main(void)
   9          {
  10   1              unsigned char i;
  11   1              while(1)
  12   1              {
  13   2                      for(i = 0;i < 2;i++)
  14   2                      {
  15   3                              P1 = 0x01<<i;
  16   3                              Fn_Delay(20000);
  17   3                              
  18   3                      }
  19   2              }
  20   1      }


MODULE INFORMATION:   STATIC OVERLAYABLE
   CODE SIZE        =     39    ----
   CONSTANT SIZE    =   ----    ----
   XDATA SIZE       =   ----    ----
   PDATA SIZE       =   ----    ----
   DATA SIZE        =   ----    ----
   IDATA SIZE       =   ----    ----
   BIT SIZE         =   ----    ----
END OF MODULE INFORMATION.


C51 COMPILATION COMPLETE.  0 WARNING(S),  0 ERROR(S)
