C51 COMPILER V9.00   LAB42                                                                 02/21/2019 13:20:37 PAGE 1   


C51 COMPILER V9.00, COMPILATION OF MODULE LAB42
OBJECT MODULE PLACED IN lab42.OBJ
COMPILER INVOKED BY: C:\Keil\C51\BIN\C51.EXE lab42.c BROWSE DEBUG OBJECTEXTEND

line level    source

   1          #include <REGX51.H>
   2          unsigned char a,b,c,d;
   3          unsigned int i,j,k;
   4          void delay(unsigned char time){
   5   1              while(time--) 
   6   1              {
   7   2                      unsigned char j=121;
   8   2                      while(j--);
   9   2              }
  10   1      }
  11          void main()
  12          {
  13   1              while(1)
  14   1              {       
  15   2                      k=9;P1=0x00;
  16   2                      for(i=0;i<8;i++)
  17   2                      {
  18   3                              k--;a=P1;c=0x01;
  19   3                              for(j=0;j<k;j++)
  20   3                              {
  21   4                                      b=a;
  22   4                                      a=a|c;
  23   4                                      P1=a;
  24   4                                      delay(1000);
  25   4                                      a=b;
  26   4                                      c=c<<1;
  27   4                              }
  28   3                      }
  29   2              }
  30   1      }


MODULE INFORMATION:   STATIC OVERLAYABLE
   CODE SIZE        =    115    ----
   CONSTANT SIZE    =   ----    ----
   XDATA SIZE       =   ----    ----
   PDATA SIZE       =   ----    ----
   DATA SIZE        =     10       1
   IDATA SIZE       =   ----    ----
   BIT SIZE         =   ----    ----
END OF MODULE INFORMATION.


C51 COMPILATION COMPLETE.  0 WARNING(S),  0 ERROR(S)
