C51 COMPILER V9.00   LAB4_BAI2                                                             01/17/2019 14:26:10 PAGE 1   


C51 COMPILER V9.00, COMPILATION OF MODULE LAB4_BAI2
OBJECT MODULE PLACED IN lab4-bai2.OBJ
COMPILER INVOKED BY: C:\Keil\C51\BIN\C51.EXE lab4-bai2.c BROWSE DEBUG OBJECTEXTEND

line level    source

   1          #include <REGX52.H>
   2          /* Trien khai ham tao do tre */
   3                  void Fn_Delay (unsigned int _vrui_Time)
   4                  {
   5   1                      while(_vrui_Time--);
   6   1                      }
   7                          /* Chuong trinh chinh */
   8                          void main (void)
   9                          {
  10   1                              /* Khai bao bien i */
  11   1                              unsigned char i;
  12   1                              /* Vong lap vo han */
  13   1                              while(1)
  14   1                              {
  15   2                                      for (i = 0; i < 9; i++)
  16   2                              {
  17   3                              P1 = 0x01<<i;
  18   3                              Fn_Delay(25000);
  19   3                              }
  20   2                      
  21   2                      }
  22   1              }


MODULE INFORMATION:   STATIC OVERLAYABLE
   CODE SIZE        =     39    ----
   CONSTANT SIZE    =   ----    ----
   XDATA SIZE       =   ----    ----
   PDATA SIZE       =   ----    ----
   DATA SIZE        =   ----    ----
   IDATA SIZE       =   ----    ----
   BIT SIZE         =   ----    ----
END OF MODULE INFORMATION.


C51 COMPILATION COMPLETE.  0 WARNING(S),  0 ERROR(S)
