C51 COMPILER V9.00   LAB4_2                                                                01/10/2019 14:49:10 PAGE 1   


C51 COMPILER V9.00, COMPILATION OF MODULE LAB4_2
OBJECT MODULE PLACED IN lab4-2.OBJ
COMPILER INVOKED BY: C:\Keil\C51\BIN\C51.EXE lab4-2.c BROWSE DEBUG OBJECTEXTEND

line level    source

   1          #include<REGX51.H>
   2          
   3          void Timing(unsigned int i)
   4          {
   5   1              while(i--);
   6   1      }
   7          
   8          void main(void)
   9          {
  10   1              unsigned char i=0;
  11   1              unsigned char j = 8;
  12   1              while(1)
  13   1              {       
  14   2                      P1 = P1 & 0x01;
  15   2                      Timing(20000);
  16   2                      
  17   2              }
  18   1      }


MODULE INFORMATION:   STATIC OVERLAYABLE
   CODE SIZE        =     29    ----
   CONSTANT SIZE    =   ----    ----
   XDATA SIZE       =   ----    ----
   PDATA SIZE       =   ----    ----
   DATA SIZE        =   ----       2
   IDATA SIZE       =   ----    ----
   BIT SIZE         =   ----    ----
END OF MODULE INFORMATION.


C51 COMPILATION COMPLETE.  0 WARNING(S),  0 ERROR(S)
