C51 COMPILER V9.00   LAB8                                                                  04/04/2019 08:18:26 PAGE 1   


C51 COMPILER V9.00, COMPILATION OF MODULE LAB8
OBJECT MODULE PLACED IN lab8.OBJ
COMPILER INVOKED BY: C:\Keil\C51\BIN\C51.EXE lab8.c BROWSE DEBUG OBJECTEXTEND

line level    source

   1           #include <REGX52.H>
   2                  sbit SDA=P3^2;
   3                  sbit STR=P3^1;
   4                  sbit SCK=P3^0;
   5          
   6           void delay(int a){
   7   1         int b=0,c=0;
   8   1         for( b=0;b<a;b++){
   9   2              for(c=0;c<125;c++)
  10   2              {}
  11   2         }
  12   1       }
  13           unsigned char code cot[]={0x01,0x02,0x04,0x08,0x10,0x20,0x40,0x80};
  14            unsigned char code hang[]={0xff,0xff,0x00,0xf7,0xf7,0xf7,0x00,0xff,
  15                                                                   0xff,0xff,0x00,0x76,0x76,0x76,0x76,0xff,
  16                                                                   0xff,0xff,0x00,0x7f,0x7f,0x7f,0x7f,0xff,
  17                                                                   0xff,0xff,0x00,0x7f,0x7f,0x7f,0x7f,0xff,
  18                                                                   0xff,0xff,0x81,0x7e,0x7e,0x7e,0x81,0xff,
  19                                                                   0xff,0xff,0xff,0xff,0xff,0xff,0xff,0xff,
  20                                                                   0xff,0xff,0x81,0x7e,0x7e,0x5e,0x81,0x7f,
  21                                                                   0xff,0xff,0x00,0x7f,0x7f,0x7f,0x00,0xff,
  22                                                                   0xff,0xff,0x60,0x6f,0x6f,0x6f,0x00,0xff,
  23                                                                   0xff,0xff,0xff,0xff,0xff,0xff,0xff,0xff,
  24                                                                   0xff,0xff,0xfe,0xfe,0x00,0xfe,0xfe,0xff,
  25                                                                   0xff,0xff,0x00,0xf6,0xf6,0xe6,0xd9,0x3f,
  26                                                                   0xff,0xff,0x81,0x7e,0x7e,0x7e,0x81,0xff,
  27                                                                   0xff,0xff,0x00,0xfd,0xfb,0xf7,0x00,0xff,
  28                                                                   0xff,0xff,0x70,0x76,0x76,0x76,0x00,0xff,
  29                                                                   0xff,0xff,0xff,0xff,0xff,0xff,0xff,0xff,
  30                                                           };
  31          void chuyen(unsigned char x)
  32          {
  33   1        unsigned char temp=0,i=0;
  34   1        for(i=0;i<8;i++){
  35   2         temp=x&0x80;
  36   2         if(temp==0x80) {
  37   3               SDA=1;   }
  38   2         else { SDA=0; }
  39   2         x=x*2;
  40   2         SCK=0;
  41   2         SCK=1;
  42   2         }
  43   1        }
  44           void main(){
  45   1              int i,j,k;
  46   1              while(1){
  47   2                      for(i=0;i<128;i++){
  48   3                        for(j=0;j<10;j++){
  49   4                              for(k=0;k<8;k++){
  50   5                                chuyen(hang[i+k+24]);
  51   5                                chuyen(hang[i+k+16]);
  52   5                                chuyen(hang[i+k+8]);
  53   5                                chuyen(hang[i+k]);
  54   5                                STR=0;
  55   5                                STR=1;
C51 COMPILER V9.00   LAB8                                                                  04/04/2019 08:18:26 PAGE 2   

  56   5                                P2=cot[k];
  57   5                                delay(2);
  58   5                                P2=0x00;
  59   5                              }
  60   4                        }
  61   3                      }
  62   2              
  63   2              
  64   2              }
  65   1       }
  66          
  67          
  68                          


MODULE INFORMATION:   STATIC OVERLAYABLE
   CODE SIZE        =    266    ----
   CONSTANT SIZE    =    136    ----
   XDATA SIZE       =   ----    ----
   PDATA SIZE       =   ----    ----
   DATA SIZE        =   ----       6
   IDATA SIZE       =   ----    ----
   BIT SIZE         =   ----    ----
END OF MODULE INFORMATION.


C51 COMPILATION COMPLETE.  0 WARNING(S),  0 ERROR(S)
